2016-12-18 23:02:34,181 INFO  Кравчук Александра Константиновна http://www.ngmu.ru/users/118272
2016-12-18 23:02:34,470 INFO  Волкова Александра Владимировна http://www.ngmu.ru/users/118668
2016-12-18 23:02:35,317 INFO  Сердюк Александра Андреевна http://www.ngmu.ru/users/119004
2016-12-18 23:02:38,423 INFO  Папшева Александра Владимировна http://www.ngmu.ru/users/118469
2016-12-18 23:02:39,218 INFO  Косякова Александра Васильевна http://www.ngmu.ru/users/103500
2016-12-18 23:02:41,897 INFO  Алексеева Александра Сергеевна http://www.ngmu.ru/users/119385
2016-12-18 23:02:43,663 INFO  Владимирова Александра Игоревна http://www.ngmu.ru/users/118755
2016-12-18 23:02:46,712 INFO  Ефимович Александра Витальевна http://www.ngmu.ru/users/118546
2016-12-18 23:02:47,625 INFO  Михалёва Александра Валерьевна http://www.ngmu.ru/users/119183
2016-12-18 23:02:56,165 INFO  Крупенникова Александра Павловна http://www.ngmu.ru/users/119164
2016-12-18 23:02:57,640 INFO  Клюкас Александра Евгеньевна http://www.ngmu.ru/users/118776
2016-12-18 23:02:58,385 INFO  Дондопова Александра Зориктоевна http://www.ngmu.ru/users/118794
2016-12-18 23:02:58,385 INFO  Озонова Александра Леонидовна http://www.ngmu.ru/users/118973
2016-12-18 23:03:00,323 INFO  Цын Александра Валерьевна http://www.ngmu.ru/users/118983
2016-12-18 23:03:00,622 INFO  Берлогина Александра Сергеевна http://www.ngmu.ru/users/118816
2016-12-18 23:03:01,223 INFO  Ходкевич Александра Олеговна http://www.ngmu.ru/users/119335
2016-12-18 23:03:03,831 INFO  Истомина Александра Николаевна http://www.ngmu.ru/users/118812
2016-12-18 23:03:04,110 INFO  Тумакова Александра Алексеевна http://www.ngmu.ru/users/118883
2016-12-18 23:03:04,389 INFO  Воротникова Александра Андреевна http://www.ngmu.ru/users/118574
2016-12-18 23:03:04,663 INFO  Мисько Александра Геннадьевна http://www.ngmu.ru/users/119109
2016-12-18 23:03:05,633 INFO  Пономарева Александра Анатольевна http://www.ngmu.ru/users/118357
2016-12-18 23:03:05,919 INFO  Рублева Александра Александровна http://www.ngmu.ru/users/118811
2016-12-18 23:03:06,940 INFO  Бобрышева Александра Максимовна http://www.ngmu.ru/users/118472
2016-12-18 23:03:07,367 INFO  Сазонова Александра Сергеевна http://www.ngmu.ru/users/112505
2016-12-18 23:03:10,152 INFO  Пуко Александра Александровна http://www.ngmu.ru/users/112768
2016-12-18 23:03:11,645 INFO  Кудрик Александра Валерьевна http://www.ngmu.ru/users/112348
2016-12-18 23:03:12,786 INFO  Николаева Александра Сергеевна http://www.ngmu.ru/users/39976
2016-12-18 23:03:17,560 INFO  Молодина Александра Евгеньевна http://www.ngmu.ru/users/112493
2016-12-18 23:03:18,939 INFO  Клейман Александра Вадимовна http://www.ngmu.ru/users/112702
2016-12-18 23:03:19,214 INFO  Евсюкова Александра Евгеньевна http://www.ngmu.ru/users/112299
2016-12-18 23:03:20,656 INFO  Сокольцова Александра Юрьевна http://www.ngmu.ru/users/112349
2016-12-18 23:03:21,761 INFO  Верба Александра Александровна http://www.ngmu.ru/users/112467
2016-12-18 23:03:25,904 INFO  Самойлова Александра Васильевна http://www.ngmu.ru/users/112475
2016-12-18 23:03:27,605 INFO  Колесникова Александра Сергеевна http://www.ngmu.ru/users/112254
2016-12-18 23:03:28,568 INFO  Спиридонова Александра Олеговна http://www.ngmu.ru/users/112734
2016-12-18 23:03:34,241 INFO  Юркова Александра Вячеславовна http://www.ngmu.ru/users/112582
2016-12-18 23:03:35,953 INFO  Емельянова Александра Сергеевна http://www.ngmu.ru/users/112162
2016-12-18 23:03:38,269 INFO  Алексеевская Александра Николаевна http://www.ngmu.ru/users/112550
2016-12-18 23:03:38,269 INFO  Чернышова Александра Александровна http://www.ngmu.ru/users/112015
2016-12-18 23:03:39,117 INFO  Кравченко Александра Дмитриевна http://www.ngmu.ru/users/39945
2016-12-18 23:03:39,535 INFO  Processed 2260 / Matched 40 in 72(sec)
2016-12-18 23:09:53,118 INFO  Top 5 names(from 522) are: Анастасия(126), Екатерина(88), Дарья(75), Анна(73), Мария(66)
